从文件 ~/Documents/CurveFit/IncUserNum_Sp.dat 中获取了 638 个数据, 取其中的 第200天到第638天 的数据进行拟合.
将依次用 2阶～5阶的多项式 拟合新增用户数随时间（以星期为单位）变化的曲线，并对R_Square大于0.9000000000的情况做图。
 

2阶多项式拟合的误差分析：
拟合的2阶多项式为:
y =   1515.464 x^2 - 21845.6093 x + 197565.6438
SSE(平方差和)为：1.2950836545e+12
MSE(均方差)为：2.0888446040e+10
RMSE(均方根误差)为：1.4452835722e+05
SSR(预测数据与原始数据均值之差的平方和)为：1.1931391903e+14
SST(原始数据和均值之差的平方和)为：1.2060900269e+14
R-Square(确定系数,表征拟合的好坏,越接近1越好)为：9.8926213114e-01
----------------------------
当取总数据的前0.618部分参与拟合时：
  拟合的多项式为:
y =   1610.1237 x^2 - 26472.79 x + 233278.6917
黄金分割线左边的情况是：
SSE_GldSct_Left(平方差和)为：3.2802725300e+11
MSE_GldSct_Left(均方差)为：8.4109552051e+09
RMSE_GldSct_Left(均方根误差)为：9.1711259969e+04
SSR_GldSct_Left(预测数据与原始数据均值之差的平方和)为：8.4031203808e+12
SST_GldSct_Left(原始数据和均值之差的平方和)为：8.7311476338e+12
R-SquareGldSct_Left(确定系数,表征拟合的好坏,越接近1越好)为：9.6243022490e-01
黄金分割线右边的情况是：
SSE_GldSct_Right(平方差和)为：1.0605600518e+12
MSE_GldSct_Right(均方差)为：4.6111306601e+10
RMSE_GldSct_Right(均方根误差)为：2.1473543397e+05
SSR_GldSct_Right(预测数据与原始数据均值之差的平方和)为：1.9331017844e+13
SST_GldSct_Right(原始数据和均值之差的平方和)为：1.7664795228e+13
R-SquareGldSct_Right(确定系数,表征拟合的好坏,越接近1越好)为：1.0943244795e+00
总体的情况是：
SSE_GldSct_All(平方差和)为：1.3885873048e+12
MSE_GldSct_All(均方差)为：2.2396569433e+10
RMSE_GldSct_All(均方根误差)为：1.4965483431e+05
SSR_GldSct_All(预测数据与原始数据均值之差的平方和)为：1.2477316127e+14
SST_GldSct_All(原始数据和均值之差的平方和)为：1.2060900269e+14
R-SquareGldSct_All(确定系数,表征拟合的好坏,越接近1越好)为：1.0345261008e+00
===========================================================


3阶多项式拟合的误差分析：
拟合的3阶多项式为:
y =   -4.3057 x^3 + 1922.3505 x^2 - 32181.3869 x + 253987.2347
SSE(平方差和)为：1.2718518191e+12
MSE(均方差)为：2.0513739017e+10
RMSE(均方根误差)为：1.4322618133e+05
SSR(预测数据与原始数据均值之差的平方和)为：1.1933715087e+14
SST(原始数据和均值之差的平方和)为：1.2060900269e+14
R-Square(确定系数,表征拟合的好坏,越接近1越好)为：9.8945475221e-01
----------------------------
当取总数据的前0.618部分参与拟合时：
  拟合的多项式为:
y =   13.7428 x^3 + 785.5536 x^2 - 13112.0057 x + 185948.3675
黄金分割线左边的情况是：
SSE_GldSct_Left(平方差和)为：3.1885575644e+11
MSE_GldSct_Left(均方差)为：8.1757886268e+09
RMSE_GldSct_Left(均方根误差)为：9.0420067611e+04
SSR_GldSct_Left(预测数据与原始数据均值之差的平方和)为：8.4122918773e+12
SST_GldSct_Left(原始数据和均值之差的平方和)为：8.7311476338e+12
R-SquareGldSct_Left(确定系数,表征拟合的好坏,越接近1越好)为：9.6348065915e-01
黄金分割线右边的情况是：
SSE_GldSct_Right(平方差和)为：7.0795419142e+12
MSE_GldSct_Right(均方差)为：3.0780617018e+11
RMSE_GldSct_Right(均方根误差)为：5.5480282099e+05
SSR_GldSct_Right(预测数据与原始数据均值之差的平方和)为：3.5214648005e+13
SST_GldSct_Right(原始数据和均值之差的平方和)为：1.7664795228e+13
R-SquareGldSct_Right(确定系数,表征拟合的好坏,越接近1越好)为：1.9934931342e+00
总体的情况是：
SSE_GldSct_All(平方差和)为：7.3983976706e+12
MSE_GldSct_All(均方差)为：1.1932899469e+11
RMSE_GldSct_All(均方根误差)为：3.4544029106e+05
SSR_GldSct_All(预测数据与原始数据均值之差的平方和)为：1.6788297635e+14
SST_GldSct_All(原始数据和均值之差的平方和)为：1.2060900269e+14
R-SquareGldSct_All(确定系数,表征拟合的好坏,越接近1越好)为：1.3919605718e+00
===========================================================


4阶多项式拟合的误差分析：
拟合的4阶多项式为:
y =   -0.22298 x^4 + 23.7904 x^3 + 778.2782 x^2 - 15861.5612 x + 198886.7511
SSE(平方差和)为：1.2567077258e+12
MSE(均方差)为：2.0269479448e+10
RMSE(均方根误差)为：1.4237092206e+05
SSR(预测数据与原始数据均值之差的平方和)为：1.1935229496e+14
SST(原始数据和均值之差的平方和)为：1.2060900269e+14
R-Square(确定系数,表征拟合的好坏,越接近1越好)为：9.8958031575e-01
----------------------------
当取总数据的前0.618部分参与拟合时：
  拟合的多项式为:
y =   -1.3348 x^4 + 120.5251 x^3 - 1984.111 x^2 + 12248.7783 x + 129471.2363
黄金分割线左边的情况是：
SSE_GldSct_Left(平方差和)为：3.1058849588e+11
MSE_GldSct_Left(均方差)为：7.9638075866e+09
RMSE_GldSct_Left(均方根误差)为：8.9240168011e+04
SSR_GldSct_Left(预测数据与原始数据均值之差的平方和)为：8.4205591379e+12
SST_GldSct_Left(原始数据和均值之差的平方和)为：8.7311476338e+12
R-SquareGldSct_Left(确定系数,表征拟合的好坏,越接近1越好)为：9.6442752901e-01
黄金分割线右边的情况是：
SSE_GldSct_Right(平方差和)为：2.4813511909e+13
MSE_GldSct_Right(均方差)为：1.0788483439e+12
RMSE_GldSct_Right(均方根误差)为：1.0386762459e+06
SSR_GldSct_Right(预测数据与原始数据均值之差的平方和)为：1.4591647560e+13
SST_GldSct_Right(原始数据和均值之差的平方和)为：1.7664795228e+13
R-SquareGldSct_Right(确定系数,表征拟合的好坏,越接近1越好)为：8.2602981646e-01
总体的情况是：
SSE_GldSct_All(平方差和)为：2.5124100404e+13
MSE_GldSct_All(均方差)为：4.0522742588e+11
RMSE_GldSct_All(均方根误差)为：6.3657476064e+05
SSR_GldSct_All(预测数据与原始数据均值之差的平方和)为：6.1878161370e+13
SST_GldSct_All(原始数据和均值之差的平方和)为：1.2060900269e+14
R-SquareGldSct_All(确定系数,表征拟合的好坏,越接近1越好)为：5.1304761661e-01
===========================================================


5阶多项式拟合的误差分析：
拟合的5阶多项式为:
y =   0.022165 x^5 - 3.7139 x^4 + 220.0966 x^3 - 3917.0557 x^2 + 27782.9109 x
   + 96953.538
SSE(平方差和)为：1.2206321093e+12
MSE(均方差)为：1.9687614666e+10
RMSE(均方根误差)为：1.4031256062e+05
SSR(预测数据与原始数据均值之差的平方和)为：1.1938837058e+14
SST(原始数据和均值之差的平方和)为：1.2060900269e+14
R-Square(确定系数,表征拟合的好坏,越接近1越好)为：9.8987942789e-01
----------------------------
当取总数据的前0.618部分参与拟合时：
  拟合的多项式为:
y =   0.13382 x^5 - 14.7165 x^4 + 599.5178 x^3 - 9312.8552 x^2 + 56330.0224 x
   + 60267.9076
黄金分割线左边的情况是：
SSE_GldSct_Left(平方差和)为：3.0274072339e+11
MSE_GldSct_Left(均方差)为：7.7625826510e+09
RMSE_GldSct_Left(均方根误差)为：8.8105519980e+04
SSR_GldSct_Left(预测数据与原始数据均值之差的平方和)为：8.4284069104e+12
SST_GldSct_Left(原始数据和均值之差的平方和)为：8.7311476338e+12
R-SquareGldSct_Left(确定系数,表征拟合的好坏,越接近1越好)为：9.6532635387e-01
黄金分割线右边的情况是：
SSE_GldSct_Right(平方差和)为：4.7808542483e+14
MSE_GldSct_Right(均方差)为：2.0786322819e+13
RMSE_GldSct_Right(均方根误差)为：4.5592019936e+06
SSR_GldSct_Right(预测数据与原始数据均值之差的平方和)为：6.1625204433e+14
SST_GldSct_Right(原始数据和均值之差的平方和)为：1.7664795228e+13
R-SquareGldSct_Right(确定系数,表征拟合的好坏,越接近1越好)为：3.4885886667e+01
总体的情况是：
SSE_GldSct_All(平方差和)为：4.7838816555e+14
MSE_GldSct_All(均方差)为：7.7159381540e+12
RMSE_GldSct_All(均方根误差)为：2.7777577565e+06
SSR_GldSct_All(预测数据与原始数据均值之差的平方和)为：9.5091195539e+14
SST_GldSct_All(原始数据和均值之差的平方和)为：1.2060900269e+14
R-SquareGldSct_All(确定系数,表征拟合的好坏,越接近1越好)为：7.8842535317e+00
===========================================================
