从文件 ~/Documents/CurveFit/IncUserNum_Sp.dat 中获取了 638 个数据, 取其中的 第195天到第635天 的数据进行拟合.
将依次用 2阶～5阶的多项式 拟合新增用户数随时间（以天为单位）变化的曲线，并对R_Square大于0.9000000000的情况做图。


2阶多项式拟合的误差分析：
拟合的2阶多项式为:
y =   4.3813 x^2 - 483.7402 x + 28412.5732
SSE(平方差和)为：4.5247545368e+11
MSE(均方差)为：1.0260214369e+09
RMSE(均方根误差)为：3.2031569380e+04
SSR(预测数据与原始数据均值之差的平方和)为：1.6863254889e+13
SST(原始数据和均值之差的平方和)为：1.7315730342e+13
R-Square(确定系数,表征拟合的好坏,越接近1越好)为：9.7386910949e-01
----------------------------
当取总数据的前0.618部分参与拟合时：
  拟合的多项式为:
y =   3.7881 x^2 - 369.9523 x + 25428.3102
黄金分割线左边的情况是：
SSE_GldSct_Left(平方差和)为：6.0994538395e+10
MSE_GldSct_Left(均方差)为：2.2342321756e+08
RMSE_GldSct_Left(均方根误差)为：1.4947348178e+04
SSR_GldSct_Left(预测数据与原始数据均值之差的平方和)为：8.7745757880e+11
SST_GldSct_Left(原始数据和均值之差的平方和)为：9.3845211719e+11
R-SquareGldSct_Left(确定系数,表征拟合的好坏,越接近1越好)为：9.3500516726e-01
黄金分割线右边的情况是：
SSE_GldSct_Right(平方差和)为：7.0030074875e+11
MSE_GldSct_Right(均方差)为：4.1684568378e+09
RMSE_GldSct_Right(均方根误差)为：6.4563587554e+04
SSR_GldSct_Right(预测数据与原始数据均值之差的平方和)为：2.4836104974e+12
SST_GldSct_Right(原始数据和均值之差的平方和)为：2.9022318109e+12
R-SquareGldSct_Right(确定系数,表征拟合的好坏,越接近1越好)为：8.5575882950e-01
总体的情况是：
SSE_GldSct_All(平方差和)为：7.6129528715e+11
MSE_GldSct_All(均方差)为：1.7262931681e+09
RMSE_GldSct_All(均方根误差)为：4.1548684313e+04
SSR_GldSct_All(预测数据与原始数据均值之差的平方和)为：1.3609291637e+13
SST_GldSct_All(原始数据和均值之差的平方和)为：1.7315730342e+13
R-SquareGldSct_All(确定系数,表征拟合的好坏,越接近1越好)为：7.8594961734e-01
===========================================================


3阶多项式拟合的误差分析：
拟合的3阶多项式为:
y =   -0.00079354 x^3 + 4.9074 x^2 - 576.8629 x + 31862.0008
SSE(平方差和)为：4.5174596768e+11
MSE(均方差)为：1.0243672736e+09
RMSE(均方根误差)为：3.2005738136e+04
SSR(预测数据与原始数据均值之差的平方和)为：1.6863984375e+13
SST(原始数据和均值之差的平方和)为：1.7315730342e+13
R-Square(确定系数,表征拟合的好坏,越接近1越好)为：9.7391123800e-01
----------------------------
当取总数据的前0.618部分参与拟合时：
  拟合的多项式为:
y =   -0.00073299 x^3 + 4.0894 x^2 - 403.0306 x + 26190.4944
黄金分割线左边的情况是：
SSE_GldSct_Left(平方差和)为：6.0972856652e+10
MSE_GldSct_Left(均方差)为：2.2334379726e+08
RMSE_GldSct_Left(均方根误差)为：1.4944691274e+04
SSR_GldSct_Left(预测数据与原始数据均值之差的平方和)为：8.7747926054e+11
SST_GldSct_Left(原始数据和均值之差的平方和)为：9.3845211719e+11
R-SquareGldSct_Left(确定系数,表征拟合的好坏,越接近1越好)为：9.3502827098e-01
黄金分割线右边的情况是：
SSE_GldSct_Right(平方差和)为：8.3281526565e+11
MSE_GldSct_Right(均方差)为：4.9572337241e+09
RMSE_GldSct_Right(均方根误差)为：7.0407625468e+04
SSR_GldSct_Right(预测数据与原始数据均值之差的平方和)为：2.4098130119e+12
SST_GldSct_Right(原始数据和均值之差的平方和)为：2.9022318109e+12
R-SquareGldSct_Right(确定系数,表征拟合的好坏,越接近1越好)为：8.3033098970e-01
总体的情况是：
SSE_GldSct_All(平方差和)为：8.9378812230e+11
MSE_GldSct_All(均方差)为：2.0267304361e+09
RMSE_GldSct_All(均方根误差)为：4.5019222961e+04
SSR_GldSct_All(预测数据与原始数据均值之差的平方和)为：1.2997061642e+13
SST_GldSct_All(原始数据和均值之差的平方和)为：1.7315730342e+13
R-SquareGldSct_All(确定系数,表征拟合的好坏,越接近1越好)为：7.5059274919e-01
===========================================================


4阶多项式拟合的误差分析：
拟合的4阶多项式为:
y =   -1.8325e-05 x^4 + 0.015406 x^3 + 0.30101 x^2 - 123.2171 x + 21734.2693
SSE(平方差和)为：4.4694283917e+11
MSE(均方差)为：1.0134758258e+09
RMSE(均方根误差)为：3.1835135084e+04
SSR(预测数据与原始数据均值之差的平方和)为：1.6868787503e+13
SST(原始数据和均值之差的平方和)为：1.7315730342e+13
R-Square(确定系数,表征拟合的好坏,越接近1越好)为：9.7418862327e-01
----------------------------
当取总数据的前0.618部分参与拟合时：
  拟合的多项式为:
y =   -0.00030402 x^4 + 0.16587 x^3 - 25.2923 x^2 + 1393.6419 x + 1171.2645
黄金分割线左边的情况是：
SSE_GldSct_Left(平方差和)为：4.3326699356e+10
MSE_GldSct_Left(均方差)为：1.5870585845e+08
RMSE_GldSct_Left(均方根误差)为：1.2597851342e+04
SSR_GldSct_Left(预测数据与原始数据均值之差的平方和)为：8.9512541784e+11
SST_GldSct_Left(原始数据和均值之差的平方和)为：9.3845211719e+11
R-SquareGldSct_Left(确定系数,表征拟合的好坏,越接近1越好)为：9.5383174212e-01
黄金分割线右边的情况是：
SSE_GldSct_Right(平方差和)为：1.5859847108e+14
MSE_GldSct_Right(均方差)为：9.4403851832e+11
RMSE_GldSct_Right(均方根误差)为：9.7161644609e+05
SSR_GldSct_Right(预测数据与原始数据均值之差的平方和)为：1.3558019394e+14
SST_GldSct_Right(原始数据和均值之差的平方和)为：2.9022318109e+12
R-SquareGldSct_Right(确定系数,表征拟合的好坏,越接近1越好)为：4.6715838974e+01
总体的情况是：
SSE_GldSct_All(平方差和)为：1.5864179778e+14
MSE_GldSct_All(均方差)为：3.5973196775e+11
RMSE_GldSct_All(均方根误差)为：5.9977659820e+05
SSR_GldSct_All(预测数据与原始数据均值之差的平方和)为：9.4384577262e+13
SST_GldSct_All(原始数据和均值之差的平方和)为：1.7315730342e+13
R-SquareGldSct_All(确定系数,表征拟合的好坏,越接近1越好)为：5.4507996715e+00
===========================================================


5阶多项式拟合的误差分析：
拟合的5阶多项式为:
y =   2.0711e-07 x^5 - 0.00024718 x^4 + 0.10537 x^3 - 14.6363 x^2 + 824.2579 x
   + 7553.3988
SSE(平方差和)为：4.3941089509e+11
MSE(均方差)为：9.9639658751e+08
RMSE(均方根误差)为：3.1565750229e+04
SSR(预测数据与原始数据均值之差的平方和)为：1.6876319447e+13
SST(原始数据和均值之差的平方和)为：1.7315730342e+13
R-Square(确定系数,表征拟合的好坏,越接近1越好)为：9.7462360025e-01
----------------------------
当取总数据的前0.618部分参与拟合时：
  拟合的多项式为:
y =   -2.54e-06 x^5 + 0.0014359 x^4 - 0.25828 x^3 + 18.4099 x^2 - 329.5693 x
   + 17312.963
黄金分割线左边的情况是：
SSE_GldSct_Left(平方差和)为：3.7533205435e+10
MSE_GldSct_Left(均方差)为：1.3748426899e+08
RMSE_GldSct_Left(均方根误差)为：1.1725368608e+04
SSR_GldSct_Left(预测数据与原始数据均值之差的平方和)为：9.0091891176e+11
SST_GldSct_Left(原始数据和均值之差的平方和)为：9.3845211719e+11
R-SquareGldSct_Left(确定系数,表征拟合的好坏,越接近1越好)为：9.6000519926e-01
黄金分割线右边的情况是：
SSE_GldSct_Right(平方差和)为：1.4863619277e+15
MSE_GldSct_Right(均方差)为：8.8473924270e+12
RMSE_GldSct_Right(均方根误差)为：2.9744566608e+06
SSR_GldSct_Right(预测数据与原始数据均值之差的平方和)为：1.4063965746e+15
SST_GldSct_Right(原始数据和均值之差的平方和)为：2.9022318109e+12
R-SquareGldSct_Right(确定系数,表征拟合的好坏,越接近1越好)为：4.8459139939e+02
总体的情况是：
SSE_GldSct_All(平方差和)为：1.4863994609e+15
MSE_GldSct_All(均方差)为：3.3705203196e+12
RMSE_GldSct_All(均方根误差)为：1.8358976877e+06
SSR_GldSct_All(预测数据与原始数据均值之差的平方和)为：1.2609060199e+15
SST_GldSct_All(原始数据和均值之差的平方和)为：1.7315730342e+13
R-SquareGldSct_All(确定系数,表征拟合的好坏,越接近1越好)为：7.2818529451e+01
===========================================================


