从文件 ~/Documents/CurveFit/TotalUserNum_Sp.dat 中获取了 638 个数据, 取其中的 第195天到第635天 的数据进行拟合.
将依次用 2阶～6阶的多项式 拟合用户总数随时间（以天为单位）变化的曲线，并对R_Square大于0.9000000000的情况做图。


2阶多项式拟合的误差分析：
拟合的2阶多项式为:
y =   737.9726 x^2 - 146396.305 x + 7324924.9539
SSE(平方差和)为：2.8454930517e+15
MSE(均方差)为：6.4523651965e+12
RMSE(均方根误差)为：2.5401506248e+06
SSR(预测数据与原始数据均值之差的平方和)为：2.8148604726e+17
SST(原始数据和均值之差的平方和)为：2.8433154031e+17
R-Square(确定系数,表征拟合的好坏,越接近1越好)为：9.8999234116e-01
----------------------------
当取总数据的前0.618部分参与拟合时：
  拟合的多项式为:
y =   336.0474 x^2 - 31464.7807 x + 2080537.1155
黄金分割线左边的情况是：
SSE_GldSct_Left(平方差和)为：1.1416662252e+14
MSE_GldSct_Left(均方差)为：4.1819275647e+11
RMSE_GldSct_Left(均方根误差)为：6.4667824802e+05
SSR_GldSct_Left(预测数据与原始数据均值之差的平方和)为：7.1803266158e+15
SST_GldSct_Left(原始数据和均值之差的平方和)为：7.2944932383e+15
R-SquareGldSct_Left(确定系数,表征拟合的好坏,越接近1越好)为：9.8434893024e-01
黄金分割线右边的情况是：
SSE_GldSct_Right(平方差和)为：6.1632345212e+16
MSE_GldSct_Right(均方差)为：3.6685919769e+14
RMSE_GldSct_Right(均方根误差)为：1.9153568798e+07
SSR_GldSct_Right(预测数据与原始数据均值之差的平方和)为：5.8831076000e+16
SST_GldSct_Right(原始数据和均值之差的平方和)为：7.4523341010e+16
R-SquareGldSct_Right(确定系数,表征拟合的好坏,越接近1越好)为：7.8943154189e-01
总体的情况是：
SSE_GldSct_All(平方差和)为：6.1746511835e+16
MSE_GldSct_All(均方差)为：1.4001476607e+14
RMSE_GldSct_All(均方根误差)为：1.1832783530e+07
SSR_GldSct_All(预测数据与原始数据均值之差的平方和)为：1.2423240600e+17
SST_GldSct_All(原始数据和均值之差的平方和)为：2.8433154031e+17
R-SquareGldSct_All(确定系数,表征拟合的好坏,越接近1越好)为：4.3692798154e-01
===========================================================


3阶多项式拟合的误差分析：
拟合的3阶多项式为:
y =   1.5531 x^3 - 291.7332 x^2 + 35861.9353 x + 573761.7343
SSE(平方差和)为：5.1147523957e+13
MSE(均方差)为：1.1598077995e+11
RMSE(均方根误差)为：3.4055951014e+05
SSR(预测数据与原始数据均值之差的平方和)为：2.8428039279e+17
SST(原始数据和均值之差的平方和)为：2.8433154031e+17
R-Square(确定系数,表征拟合的好坏,越接近1越好)为：9.9982011308e-01
----------------------------
当取总数据的前0.618部分参与拟合时：
  拟合的多项式为:
y =   1.6484 x^3 - 341.4543 x^2 + 42925.2272 x + 366458.0069
黄金分割线左边的情况是：
SSE_GldSct_Left(平方差和)为：4.5097259018e+12
MSE_GldSct_Left(均方差)为：1.6519142497e+10
RMSE_GldSct_Left(均方根误差)为：1.2852681626e+05
SSR_GldSct_Left(预测数据与原始数据均值之差的平方和)为：7.2899835124e+15
SST_GldSct_Left(原始数据和均值之差的平方和)为：7.2944932383e+15
R-SquareGldSct_Left(确定系数,表征拟合的好坏,越接近1越好)为：9.9938176296e-01
黄金分割线右边的情况是：
SSE_GldSct_Right(平方差和)为：1.1117068247e+14
MSE_GldSct_Right(均方差)为：6.6173025277e+11
RMSE_GldSct_Right(均方根误差)为：8.1346804041e+05
SSR_GldSct_Right(预测数据与原始数据均值之差的平方和)为：7.7283218573e+16
SST_GldSct_Right(原始数据和均值之差的平方和)为：7.4523341010e+16
R-SquareGldSct_Right(确定系数,表征拟合的好坏,越接近1越好)为：1.0370337337e+00
总体的情况是：
SSE_GldSct_All(平方差和)为：1.1568040837e+14
MSE_GldSct_All(均方差)为：2.6231385117e+11
RMSE_GldSct_All(均方根误差)为：5.1216584343e+05
SSR_GldSct_All(预测数据与原始数据均值之差的平方和)为：2.9124472445e+17
SST_GldSct_All(原始数据和均值之差的平方和)为：2.8433154031e+17
R-SquareGldSct_All(确定系数,表征拟合的好坏,越接近1越好)为：1.0243138138e+00
===========================================================


4阶多项式拟合的误差分析：
拟合的4阶多项式为:
y =   -0.00081117 x^4 + 2.2702 x^3 - 495.6393 x^2 + 55943.0714 x + 125446.435
SSE(平方差和)为：4.1735847967e+13
MSE(均方差)为：9.4639111037e+10
RMSE(均方根误差)为：3.0763470389e+05
SSR(预测数据与原始数据均值之差的平方和)为：2.8428980446e+17
SST(原始数据和均值之差的平方和)为：2.8433154031e+17
R-Square(确定系数,表征拟合的好坏,越接近1越好)为：9.9985321415e-01
----------------------------
当取总数据的前0.618部分参与拟合时：
  拟合的多项式为:
y =   0.002134 x^4 + 0.47901 x^3 - 135.2192 x^2 + 30314.074 x + 542072.2766
黄金分割线左边的情况是：
SSE_GldSct_Left(平方差和)为：3.6403214239e+12
MSE_GldSct_Left(均方差)为：1.3334510710e+10
RMSE_GldSct_Left(均方根误差)为：1.1547515192e+05
SSR_GldSct_Left(预测数据与原始数据均值之差的平方和)为：7.2908529169e+15
SST_GldSct_Left(原始数据和均值之差的平方和)为：7.2944932383e+15
R-SquareGldSct_Left(确定系数,表征拟合的好坏,越接近1越好)为：9.9950094937e-01
黄金分割线右边的情况是：
SSE_GldSct_Right(平方差和)为：8.5495432058e+15
MSE_GldSct_Right(均方差)为：5.0890138129e+13
RMSE_GldSct_Right(均方根误差)为：7.1337324122e+06
SSR_GldSct_Right(预测数据与原始数据均值之差的平方和)为：1.1557660126e+17
SST_GldSct_Right(原始数据和均值之差的平方和)为：7.4523341010e+16
R-SquareGldSct_Right(确定系数,表征拟合的好坏,越接近1越好)为：1.5508778819e+00
总体的情况是：
SSE_GldSct_All(平方差和)为：8.5531835272e+15
MSE_GldSct_All(均方差)为：1.9394973985e+13
RMSE_GldSct_All(均方根误差)为：4.4039725231e+06
SSR_GldSct_All(预测数据与原始数据均值之差的平方和)为：3.7411301536e+17
SST_GldSct_All(原始数据和均值之差的平方和)为：2.8433154031e+17
R-SquareGldSct_All(确定系数,表征拟合的好坏,越接近1越好)为：1.3157633337e+00
===========================================================


5阶多项式拟合的误差分析：
拟合的5阶多项式为:
y =   -8.4341e-06 x^5 + 0.0085085 x^4 - 1.3935 x^3 + 112.6552 x^2 + 17358.9698 x
   + 702935.1866
SSE(平方差和)为：2.9245102421e+13
MSE(均方差)为：6.6315424991e+10
RMSE(均方根误差)为：2.5751781490e+05
SSR(预测数据与原始数据均值之差的平方和)为：2.8430229521e+17
SST(原始数据和均值之差的平方和)为：2.8433154031e+17
R-Square(确定系数,表征拟合的好坏,越接近1越好)为：9.9989714436e-01
----------------------------
当取总数据的前0.618部分参与拟合时：
  拟合的多项式为:
y =   -4.3968e-05 x^5 + 0.032252 x^4 - 6.8632 x^3 + 621.2822 x^2 + 484.6072 x
   + 821491.454
黄金分割线左边的情况是：
SSE_GldSct_Left(平方差和)为：1.9043022763e+12
MSE_GldSct_Left(均方差)为：6.9754662134e+09
RMSE_GldSct_Left(均方根误差)为：8.3519256543e+04
SSR_GldSct_Left(预测数据与原始数据均值之差的平方和)为：7.2925889360e+15
SST_GldSct_Left(原始数据和均值之差的平方和)为：7.2944932383e+15
R-SquareGldSct_Left(确定系数,表征拟合的好坏,越接近1越好)为：9.9973893974e-01
黄金分割线右边的情况是：
SSE_GldSct_Right(平方差和)为：1.2860563798e+17
MSE_GldSct_Right(均方差)为：7.6550974991e+14
RMSE_GldSct_Right(均方根误差)为：2.7667846861e+07
SSR_GldSct_Right(预测数据与原始数据均值之差的平方和)为：6.4788471309e+16
SST_GldSct_Right(原始数据和均值之差的平方和)为：7.4523341010e+16
R-SquareGldSct_Right(确定系数,表征拟合的好坏,越接近1越好)为：8.6937153423e-01
总体的情况是：
SSE_GldSct_All(平方差和)为：1.2860754229e+17
MSE_GldSct_All(均方差)为：2.9162708002e+14
RMSE_GldSct_All(均方根误差)为：1.7077092259e+07
SSR_GldSct_All(预测数据与原始数据均值之差的平方和)为：1.0198840409e+17
SST_GldSct_All(原始数据和均值之差的平方和)为：2.8433154031e+17
R-SquareGldSct_All(确定系数,表征拟合的好坏,越接近1越好)为：3.5869535958e-01
===========================================================


6阶多项式拟合的误差分析：
拟合的6阶多项式为:
y =   -1.4622e-08 x^6 + 1.0955e-05 x^5 - 0.0012346 x^4 + 0.90614 x^3
   - 142.1827 x^2 + 28699.7995 x + 580880.2863
SSE(平方差和)为：2.8785647603e+13
MSE(均方差)为：6.5273577331e+10
RMSE(均方根误差)为：2.5548694161e+05
SSR(预测数据与原始数据均值之差的平方和)为：2.8430275467e+17
SST(原始数据和均值之差的平方和)为：2.8433154031e+17
R-Square(确定系数,表征拟合的好坏,越接近1越好)为：9.9989876027e-01
----------------------------
当取总数据的前0.618部分参与拟合时：
  拟合的多项式为:
y =   -5.2226e-07 x^6 + 0.00038533 x^5 - 0.10152 x^4 + 12.7246 x^3 - 726.6955 x^2
   + 37828.2184 x + 568946.2351
黄金分割线左边的情况是：
SSE_GldSct_Left(平方差和)为：7.5594564014e+11
MSE_GldSct_Left(均方差)为：2.7690316488e+09
RMSE_GldSct_Left(均方根误差)为：5.2621589190e+04
SSR_GldSct_Left(预测数据与原始数据均值之差的平方和)为：7.2937372927e+15
SST_GldSct_Left(原始数据和均值之差的平方和)为：7.2944932383e+15
R-SquareGldSct_Left(确定系数,表征拟合的好坏,越接近1越好)为：9.9989636763e-01
黄金分割线右边的情况是：
SSE_GldSct_Right(平方差和)为：3.1551104130e+18
MSE_GldSct_Right(均方差)为：1.8780419125e+16
RMSE_GldSct_Right(均方根误差)为：1.3704166930e+08
SSR_GldSct_Right(预测数据与原始数据均值之差的平方和)为：2.5360189552e+18
SST_GldSct_Right(原始数据和均值之差的平方和)为：7.4523341010e+16
R-SquareGldSct_Right(确定系数,表征拟合的好坏,越接近1越好)为：3.4029861260e+01
总体的情况是：
SSE_GldSct_All(平方差和)为：3.1551111689e+18
MSE_GldSct_All(均方差)为：7.1544470951e+15
RMSE_GldSct_All(均方根误差)为：8.4583964763e+07
SSR_GldSct_All(预测数据与原始数据均值之差的平方和)为：1.9222104742e+18
SST_GldSct_All(原始数据和均值之差的平方和)为：2.8433154031e+17
R-SquareGldSct_All(确定系数,表征拟合的好坏,越接近1越好)为：6.7604546160e+00
===========================================================


