从文件 ~/Documents/CurveFit/TotalUserNum_Sp.dat 中获取了 638 个数据
将依次用 2阶～6阶的多项式 拟合用户总数随时间（以天为单位）变化的曲线，并对R_Square大于0.9000000000的情况做图。


2阶多项式拟合的误差分析：
拟合的2阶多项式为:
y =   417.7188 x^2 - 158928.0539 x + 10332154.4217
SSE(平方差和)为：1.7634567910e+16
MSE(均方差)为：2.7640388574e+13
RMSE(均方根误差)为：5.2574127262e+06
SSR(预测数据与原始数据均值之差的平方和)为：3.5486443416e+17
SST(原始数据和均值之差的平方和)为：3.7249900207e+17
R-Square(确定系数,表征拟合的好坏,越接近1越好)为：9.5265875127e-01


3阶多项式拟合的误差分析：
拟合的3阶多项式为:
y =   1.0448 x^3 - 583.7653 x^2 + 97251.7855 x - 3362806.6919
SSE(平方差和)为：8.5906080924e+14
MSE(均方差)为：1.3464902966e+12
RMSE(均方根误差)为：1.1603836851e+06
SSR(预测数据与原始数据均值之差的平方和)为：3.7163994126e+17
SST(原始数据和均值之差的平方和)为：3.7249900207e+17
R-Square(确定系数,表征拟合的好坏,越接近1越好)为：9.9769379031e-01


4阶多项式拟合的误差分析：
拟合的4阶多项式为:
y =   0.0013538 x^4 - 0.68537 x^3 + 127.3531 x^2 - 3911.7753 x - 107855.3666
SSE(平方差和)为：1.3119250552e+14
MSE(均方差)为：2.0563088640e+11
RMSE(均方根误差)为：4.5346541919e+05
SSR(预测数据与原始数据均值之差的平方和)为：3.7236780957e+17
SST(原始数据和均值之差的平方和)为：3.7249900207e+17
R-Square(确定系数,表征拟合的好坏,越接近1越好)为：9.9964780441e-01


5阶多项式拟合的误差分析：
拟合的5阶多项式为:
y =   -2.2657e-06 x^5 + 0.0049733 x^4 - 2.7421 x^3 + 620.7677 x^2 - 49094.9314 x
   + 865099.4735
SSE(平方差和)为：7.8809340187e+13
MSE(均方差)为：1.2352561158e+11
RMSE(均方根误差)为：3.5146210547e+05
SSR(预测数据与原始数据均值之差的平方和)为：3.7242019273e+17
SST(原始数据和均值之差的平方和)为：3.7249900207e+17
R-Square(确定系数,表征拟合的好坏,越接近1越好)为：9.9978843073e-01


6阶多项式拟合的误差分析：
拟合的6阶多项式为:
y =   -1.3474e-08 x^6 + 2.3564e-05 x^5 - 0.013788 x^4 + 3.6575 x^3 - 403.5697 x^2
   + 16669.0434 x - 151134.6406
SSE(平方差和)为：3.1355162149e+13
MSE(均方差)为：4.9146022177e+10
RMSE(均方根误差)为：2.2168902133e+05
SSR(预测数据与原始数据均值之差的平方和)为：3.7246764691e+17
SST(原始数据和均值之差的平方和)为：3.7249900207e+17
R-Square(确定系数,表征拟合的好坏,越接近1越好)为：9.9991582484e-01


